2026-07-12 22:10:56,626 | INFO     | 
2026-07-12 22:10:56,626 | INFO     | ========================================================
2026-07-12 22:10:56,626 | INFO     |  GSPL-02 Assembly Builder
2026-07-12 22:10:56,626 | INFO     | ========================================================
2026-07-12 22:10:56,626 | INFO     | Version : 0.1.0
2026-07-12 22:10:56,626 | INFO     | 
2026-07-12 22:10:56,626 | INFO     | 
2026-07-12 22:10:56,626 | INFO     | Loading Model Database...
2026-07-12 22:10:56,626 | INFO     | OK
2026-07-12 22:10:56,626 | INFO     | Components : 32
2026-07-12 22:10:56,626 | INFO     | Model Indexes : 32 IDs | 32 Names
2026-07-12 22:10:56,626 | INFO     | 
2026-07-12 22:10:56,626 | INFO     | Loading Assembly Template...
2026-07-12 22:10:56,626 | INFO     | OK
2026-07-12 22:10:56,626 | INFO     | Components : 32
2026-07-12 22:10:56,626 | INFO     | 
2026-07-12 22:10:56,626 | INFO     | Loading Assembly Table...
2026-07-12 22:10:56,643 | INFO     | OK
2026-07-12 22:10:56,643 | INFO     | Worksheets : 3
2026-07-12 22:10:56,643 | INFO     | Components Rows : 32
2026-07-12 22:10:56,643 | INFO     | Objects Rows : 32
2026-07-12 22:10:56,643 | INFO     | 
2026-07-12 22:10:56,643 | INFO     | Loading Components Sheet...
2026-07-12 22:10:56,643 | INFO     | OK
2026-07-12 22:10:56,643 | INFO     | Components Loaded : 32
2026-07-12 22:10:56,643 | INFO     | 
2026-07-12 22:10:56,643 | INFO     | Loading Objects Sheet...
2026-07-12 22:10:56,644 | INFO     | OK
2026-07-12 22:10:56,644 | INFO     | Objects Loaded : 32
2026-07-12 22:10:56,644 | INFO     | 
2026-07-12 22:10:56,644 | INFO     | Building Component Indexes...
2026-07-12 22:10:56,644 | INFO     | OK
2026-07-12 22:10:56,644 | INFO     | Component IDs   : 32
2026-07-12 22:10:56,644 | INFO     | Component Names : 32
2026-07-12 22:10:56,644 | INFO     | 
2026-07-12 22:10:56,644 | INFO     | Building Object Indexes...
2026-07-12 22:10:56,644 | INFO     | OK
2026-07-12 22:10:56,644 | INFO     | Indexed Components : 32
2026-07-12 22:10:56,644 | INFO     | 
2026-07-12 22:10:56,644 | INFO     | ========================================================
2026-07-12 22:10:56,644 | INFO     |  Validating Components Sheet
2026-07-12 22:10:56,644 | INFO     | ========================================================
2026-07-12 22:10:56,644 | INFO     | Validation Finished
2026-07-12 22:10:56,646 | INFO     | Messages : 0
2026-07-12 22:10:56,646 | INFO     | 
2026-07-12 22:10:56,646 | INFO     | ========================================================
2026-07-12 22:10:56,646 | INFO     |  Validating Objects Sheet
2026-07-12 22:10:56,646 | INFO     | ========================================================
2026-07-12 22:10:56,646 | INFO     | Validation Finished
2026-07-12 22:10:56,646 | INFO     | Messages : 0
2026-07-12 22:10:56,646 | INFO     | 
2026-07-12 22:10:56,646 | INFO     | ========================================================
2026-07-12 22:10:56,646 | INFO     |  Resolving Parent IDs
2026-07-12 22:10:56,646 | INFO     | ========================================================
2026-07-12 22:10:56,646 | INFO     | OK
2026-07-12 22:10:56,646 | INFO     | Resolved Parent IDs : 31
2026-07-12 22:10:56,646 | INFO     | 
2026-07-12 22:10:56,646 | INFO     | ========================================================
2026-07-12 22:10:56,646 | INFO     |  Running Assembly Audits
2026-07-12 22:10:56,646 | INFO     | ========================================================
2026-07-12 22:10:56,646 | INFO     | ASM-030 PASS - Root Component : Apoya_base
2026-07-12 22:10:56,646 | INFO     | Assembly audits completed.
2026-07-12 22:10:56,646 | INFO     | 
2026-07-12 22:10:56,646 | INFO     | ========================================================
2026-07-12 22:10:56,647 | INFO     |  Updating Component Status
2026-07-12 22:10:56,647 | INFO     | ========================================================
2026-07-12 22:10:56,647 | INFO     | OK
2026-07-12 22:10:56,647 | INFO     | OK         : 32
2026-07-12 22:10:56,647 | INFO     | Warnings   : 0
2026-07-12 22:10:56,647 | INFO     | Errors     : 0
2026-07-12 22:10:56,647 | INFO     | Disabled   : 0
2026-07-12 22:10:56,647 | INFO     | 
2026-07-12 22:10:56,647 | INFO     | ========================================================
2026-07-12 22:10:56,647 | INFO     |  Creating Assembly Table
2026-07-12 22:10:56,647 | INFO     | ========================================================
2026-07-12 22:10:56,648 | INFO     | Source      : Database\1_assembly_table.xlsx
2026-07-12 22:10:56,648 | INFO     | Destination : Database\2_assembly_table.xlsx
2026-07-12 22:10:56,667 | INFO     | Workbook loaded.
2026-07-12 22:10:56,667 | INFO     | Components rows : 33
2026-07-12 22:10:56,667 | INFO     | Objects rows    : 33
2026-07-12 22:10:56,667 | INFO     | OK
2026-07-12 22:10:56,667 | INFO     | 
2026-07-12 22:10:56,667 | INFO     | ========================================================
2026-07-12 22:10:56,667 | INFO     |  Building Assembly Database
2026-07-12 22:10:56,667 | INFO     | ========================================================
2026-07-12 22:10:56,668 | INFO     | Root Component : 2
2026-07-12 22:10:56,668 | INFO     | OK
2026-07-12 22:10:56,668 | INFO     | Components Processed : 32
2026-07-12 22:10:56,668 | INFO     | 
2026-07-12 22:10:56,668 | INFO     | ========================================================
2026-07-12 22:10:56,668 | INFO     |  Saving Assembly Database
2026-07-12 22:10:56,669 | INFO     | ========================================================
2026-07-12 22:10:56,671 | INFO     | OK
2026-07-12 22:10:56,671 | INFO     | Components : 32
2026-07-12 22:10:56,671 | INFO     | File : Database\2_assembly_database.json
2026-07-12 22:10:56,671 | INFO     | 
2026-07-12 22:10:56,671 | INFO     | ========================================================
2026-07-12 22:10:56,671 | INFO     |  Statistics
2026-07-12 22:10:56,671 | INFO     | ========================================================
2026-07-12 22:10:56,671 | INFO     | Components : 32
2026-07-12 22:10:56,671 | INFO     | Objects    : 32
2026-07-12 22:10:56,672 | INFO     | Warnings   : 32
2026-07-12 22:10:56,672 | INFO     | Errors     : 0
2026-07-12 22:10:56,672 | INFO     | 
2026-07-12 22:10:56,672 | INFO     | Generating Assembly Report...
2026-07-12 22:10:56,672 | INFO     | OK
2026-07-12 22:10:56,672 | INFO     | 
2026-07-12 22:10:56,672 | INFO     | Audit Summary
2026-07-12 22:10:56,672 | INFO     | -------------
2026-07-12 22:10:56,672 | INFO     | [ASM-036] WARNING | Component: Anillo_deslizante | Bounding Box not defined.
2026-07-12 22:10:56,672 | INFO     | [ASM-036] WARNING | Component: Apoya_base | Bounding Box not defined.
2026-07-12 22:10:56,672 | INFO     | [ASM-036] WARNING | Component: Base | Bounding Box not defined.
2026-07-12 22:10:56,672 | INFO     | [ASM-036] WARNING | Component: Cabezal_giratorio | Bounding Box not defined.
2026-07-12 22:10:56,673 | INFO     | [ASM-036] WARNING | Component: Cierre_base | Bounding Box not defined.
2026-07-12 22:10:56,673 | INFO     | [ASM-036] WARNING | Component: Conector_imantado_apoya_base | Bounding Box not defined.
2026-07-12 22:10:56,673 | INFO     | [ASM-036] WARNING | Component: Conector_imantado_base | Bounding Box not defined.
2026-07-12 22:10:56,673 | INFO     | [ASM-036] WARNING | Component: ESP_32 | Bounding Box not defined.
2026-07-12 22:10:56,673 | INFO     | [ASM-036] WARNING | Component: Hall_base | Bounding Box not defined.
2026-07-12 22:10:56,673 | INFO     | [ASM-036] WARNING | Component: Hall_lidar | Bounding Box not defined.
2026-07-12 22:10:56,673 | INFO     | [ASM-036] WARNING | Component: Iman_hall_base | Bounding Box not defined.
2026-07-12 22:10:56,673 | INFO     | [ASM-036] WARNING | Component: Imanes_apoya_base | Bounding Box not defined.
2026-07-12 22:10:56,673 | INFO     | [ASM-036] WARNING | Component: Imanes_base | Bounding Box not defined.
2026-07-12 22:10:56,673 | INFO     | [ASM-036] WARNING | Component: Led_apoya_base | Bounding Box not defined.
2026-07-12 22:10:56,673 | INFO     | [ASM-036] WARNING | Component: Led_base | Bounding Box not defined.
2026-07-12 22:10:56,673 | INFO     | [ASM-036] WARNING | Component: LIDAR | Bounding Box not defined.
2026-07-12 22:10:56,673 | INFO     | [ASM-036] WARNING | Component: Micromotor | Bounding Box not defined.
2026-07-12 22:10:56,673 | INFO     | [ASM-036] WARNING | Component: NEMA17 | Bounding Box not defined.
2026-07-12 22:10:56,673 | INFO     | [ASM-036] WARNING | Component: Polea_GT2_20D | Bounding Box not defined.
2026-07-12 22:10:56,673 | INFO     | [ASM-036] WARNING | Component: Porta_lidar | Bounding Box not defined.
2026-07-12 22:10:56,673 | INFO     | [ASM-036] WARNING | Component: Power_12V | Bounding Box not defined.
2026-07-12 22:10:56,673 | INFO     | [ASM-036] WARNING | Component: Power_5V_A | Bounding Box not defined.
2026-07-12 22:10:56,673 | INFO     | [ASM-036] WARNING | Component: Reset_base | Bounding Box not defined.
2026-07-12 22:10:56,673 | INFO     | [ASM-036] WARNING | Component: Ruleman_60082RSC3 | Bounding Box not defined.
2026-07-12 22:10:56,673 | INFO     | [ASM-036] WARNING | Component: Rulemanes_696 | Bounding Box not defined.
2026-07-12 22:10:56,674 | INFO     | [ASM-036] WARNING | Component: Sujeta_NEMA17 | Bounding Box not defined.
2026-07-12 22:10:56,674 | INFO     | [ASM-036] WARNING | Component: Sujeta_Ruleman | Bounding Box not defined.
2026-07-12 22:10:56,674 | INFO     | [ASM-036] WARNING | Component: Sujeta_TMC_base | Bounding Box not defined.
2026-07-12 22:10:56,674 | INFO     | [ASM-036] WARNING | Component: Tapa_base | Bounding Box not defined.
2026-07-12 22:10:56,674 | INFO     | [ASM-036] WARNING | Component: TMC_2208_XY | Bounding Box not defined.
2026-07-12 22:10:56,674 | INFO     | [ASM-036] WARNING | Component: TMC_2208_Z | Bounding Box not defined.
2026-07-12 22:10:56,674 | INFO     | [ASM-036] WARNING | Component: Tornillos_base | Bounding Box not defined.
2026-07-12 22:10:56,674 | INFO     | 
2026-07-12 22:10:56,674 | INFO     | Assembly Audit : PASS
2026-07-12 22:10:56,674 | INFO     | 
2026-07-12 22:10:56,674 | INFO     | ========================================================
2026-07-12 22:10:56,674 | INFO     |  GSPL-02 Finished
2026-07-12 22:10:56,674 | INFO     | ========================================================
